
ROM used: 238 (3%)
          238 (3%) including unused fragments

          0 Average locations per line
          1 Average locations per statement

RAM used: 7 (4%) at main() level
          11 (6%) worst case

Lines Stmts  %   Files
----- ----- ---  -----
   23     8   3  D:\Beginow\Mplab\pic.c
  304     0   0  C:\PROGRA~1\PICC\devices\16f877a.h
  141     0   0  C:\PROGRA~1\PICC\drivers\pic.h
  261   147  51  D:\Beginow\Mplab\lcd1JOVIN.h
  425   127  29  C:\PROGRA~1\PICC\drivers\string.h
   28     0   0  C:\PROGRA~1\PICC\drivers\stddef.h
   28     0   0  C:\PROGRA~1\PICC\drivers\ctype.h
----- -----
 2420   564 Total

Page ROM  %  RAM  Functions:
---- --- --- ---  ----------
0     19   8   1  @delay_ms2
0     31  13   1  outc
0     99  42   0  lcdinit
0     19   8   2  printc
0     10   4   2  go
0     46  19   1  main
0     10   4   0  @const10682

 Segment   Used  Free
---------  ----  ----
00000-00003     4  0
00004-007FF   234  1810
00800-00FFF     0  2048
01000-017FF     0  2048
01800-01FFF     0  2048

